\BOOKMARK [1][-]{section*.4}{Introduction}{}% 1
\BOOKMARK [1][-]{section*.5}{Field Visit \0431: Blah}{}% 2
\BOOKMARK [2][-]{section*.6}{Contextual Studies}{section*.5}% 3
\BOOKMARK [2][-]{section*.7}{Paper Prototypes}{section*.5}% 4
\BOOKMARK [1][-]{section*.8}{Field Visit \0432: Blah}{}% 5
\BOOKMARK [2][-]{section*.9}{Contextual Studies}{section*.8}% 6
\BOOKMARK [2][-]{section*.10}{Prototype Evaluation}{section*.8}% 7
\BOOKMARK [1][-]{section*.11}{Field Visit \0433: Blah}{}% 8
\BOOKMARK [2][-]{section*.12}{Design Observations}{section*.11}% 9
\BOOKMARK [3][-]{section*.13}{Interactive Icons}{section*.12}% 10
\BOOKMARK [3][-]{section*.14}{Speech Processing}{section*.12}% 11
\BOOKMARK [1][-]{section*.15}{Related Work}{}% 12
\BOOKMARK [1][-]{section*.16}{Conclusions and Future Work}{}% 13
\BOOKMARK [2][-]{section*.17}{References and Citations}{section*.16}% 14
\BOOKMARK [1][-]{section*.18}{Sections}{}% 15
\BOOKMARK [2][-]{section*.19}{Subsections}{section*.18}% 16
\BOOKMARK [3][-]{section*.20}{Sub-subsections}{section*.19}% 17
\BOOKMARK [1][-]{section*.21}{Figures/Captions}{}% 18
\BOOKMARK [1][-]{section*.22}{Language, Style and Content}{}% 19
\BOOKMARK [1][-]{section*.23}{Accessibility}{}% 20
\BOOKMARK [1][-]{section*.24}{Page Numbering, Headers and Footers}{}% 21
\BOOKMARK [1][-]{section*.25}{Producing and Testing PDF Files}{}% 22
\BOOKMARK [1][-]{section*.26}{Blind Review}{}% 23
\BOOKMARK [1][-]{section*.27}{Conclusion}{}% 24
\BOOKMARK [1][-]{section*.28}{Acknowledgments}{}% 25
\BOOKMARK [1][-]{section*.29}{References format}{}% 26
\BOOKMARK [1][-]{section*.30}{REFERENCES }{}% 27
